<?xml version="1.0" encoding="UTF-8"?>
<robot generator="Robot 3.2.1 (Python 3.8.3 on win32)" generated="20200702 19:52:40.408" rpa="false">
<suite id="s1" name="TestSuitePracticeBDD" source="C:\ProjetosCursos\CursoRobot\SuiteSiteTestPractice\tests\TestSuitePracticeBDD.robot">
<test id="s1-t1" name="Cenário 01: Pesquisar produto existente">
<kw name="Abrir navegador" library="Resource" type="setup">
<kw name="Open Browser" library="SeleniumLibrary">
<doc>Opens a new browser instance to the optional ``url``.</doc>
<arguments>
<arg>about:blank</arg>
<arg>${BROWSER}</arg>
</arguments>
<msg timestamp="20200702 19:52:40.773" level="INFO">Opening browser 'chrome' to base url 'about:blank'.</msg>
<status status="PASS" starttime="20200702 19:52:40.772" endtime="20200702 19:52:44.265"></status>
</kw>
<kw name="Maximize Browser Window" library="SeleniumLibrary">
<doc>Maximizes current browser window.</doc>
<status status="PASS" starttime="20200702 19:52:44.265" endtime="20200702 19:52:46.390"></status>
</kw>
<status status="PASS" starttime="20200702 19:52:40.770" endtime="20200702 19:52:46.390"></status>
</kw>
<kw name="Dado que estou na página home do site">
<kw name="Acessar a página home do site" library="Resource">
<kw name="Go To" library="SeleniumLibrary">
<doc>Navigates the current browser window to the provided ``url``.</doc>
<arguments>
<arg>http://automationpractice.com/index.php</arg>
</arguments>
<msg timestamp="20200702 19:52:46.396" level="INFO">Opening url 'http://automationpractice.com/index.php'</msg>
<status status="PASS" starttime="20200702 19:52:46.395" endtime="20200702 19:52:50.815"></status>
</kw>
<kw name="Title Should Be" library="SeleniumLibrary">
<doc>Verifies that the current page title equals ``title``.</doc>
<arguments>
<arg>My Store</arg>
</arguments>
<msg timestamp="20200702 19:52:50.823" level="INFO">Page title is 'My Store'.</msg>
<status status="PASS" starttime="20200702 19:52:50.816" endtime="20200702 19:52:50.824"></status>
</kw>
<status status="PASS" starttime="20200702 19:52:46.394" endtime="20200702 19:52:50.824"></status>
</kw>
<status status="PASS" starttime="20200702 19:52:46.391" endtime="20200702 19:52:50.824"></status>
</kw>
<kw name="Quando eu pesquisar pelo produto &quot;Blouse&quot;">
<kw name="Digitar o nome do produto &quot;${PRODUTO}&quot; no campo de Pesquisa" library="Resource">
<kw name="Input Text" library="SeleniumLibrary">
<doc>Types the given ``text`` into the text field identified by ``locator``.</doc>
<arguments>
<arg>name=search_query</arg>
<arg>${PRODUTO}</arg>
</arguments>
<msg timestamp="20200702 19:52:50.827" level="INFO">Typing text 'Blouse' into text field 'name=search_query'.</msg>
<status status="PASS" starttime="20200702 19:52:50.826" endtime="20200702 19:52:51.168"></status>
</kw>
<status status="PASS" starttime="20200702 19:52:50.826" endtime="20200702 19:52:51.168"></status>
</kw>
<kw name="Clicar no botão Pesquisar" library="Resource">
<kw name="Click Element" library="SeleniumLibrary">
<doc>Click the element identified by ``locator``.</doc>
<arguments>
<arg>name=submit_search</arg>
</arguments>
<msg timestamp="20200702 19:52:51.169" level="INFO">Clicking element 'name=submit_search'.</msg>
<status status="PASS" starttime="20200702 19:52:51.169" endtime="20200702 19:52:52.435"></status>
</kw>
<status status="PASS" starttime="20200702 19:52:51.168" endtime="20200702 19:52:52.436"></status>
</kw>
<status status="PASS" starttime="20200702 19:52:50.825" endtime="20200702 19:52:52.436"></status>
</kw>
<kw name="Então o produto &quot;Blouse&quot; deve ser listado na página de resultado da busca">
<kw name="Conferir se o produto &quot;${PRODUTO}&quot; foi listado no site" library="Resource">
<kw name="Wait Until Element Is Visible" library="SeleniumLibrary">
<doc>Waits until the element ``locator`` is visible.</doc>
<arguments>
<arg>css=#center_column &gt; h1</arg>
</arguments>
<status status="PASS" starttime="20200702 19:52:52.439" endtime="20200702 19:52:52.519"></status>
</kw>
<kw name="Title Should Be" library="SeleniumLibrary">
<doc>Verifies that the current page title equals ``title``.</doc>
<arguments>
<arg>Search - My Store</arg>
</arguments>
<msg timestamp="20200702 19:52:52.528" level="INFO">Page title is 'Search - My Store'.</msg>
<status status="PASS" starttime="20200702 19:52:52.519" endtime="20200702 19:52:52.528"></status>
</kw>
<kw name="Page Should Contain Image" library="SeleniumLibrary">
<doc>Verifies image identified by ``locator`` is found from current page.</doc>
<arguments>
<arg>xpath=//*[@id="center_column"]//*[@src='http://automationpractice.com/img/p/7/7-home_default.jpg']</arg>
</arguments>
<msg timestamp="20200702 19:52:52.550" level="INFO">Current page contains image 'xpath=//*[@id="center_column"]//*[@src='http://automationpractice.com/img/p/7/7-home_default.jpg']'.</msg>
<status status="PASS" starttime="20200702 19:52:52.528" endtime="20200702 19:52:52.550"></status>
</kw>
<kw name="Page Should Contain Link" library="SeleniumLibrary">
<doc>Verifies link identified by ``locator`` is found from current page.</doc>
<arguments>
<arg>xpath=//*[@id="center_column"]//a[@class='product-name'][contains(text(),'${PRODUTO}')]</arg>
</arguments>
<msg timestamp="20200702 19:52:52.580" level="INFO">Current page contains link 'xpath=//*[@id="center_column"]//a[@class='product-name'][contains(text(),'Blouse')]'.</msg>
<status status="PASS" starttime="20200702 19:52:52.550" endtime="20200702 19:52:52.581"></status>
</kw>
<status status="PASS" starttime="20200702 19:52:52.438" endtime="20200702 19:52:52.581"></status>
</kw>
<status status="PASS" starttime="20200702 19:52:52.437" endtime="20200702 19:52:52.581"></status>
</kw>
<kw name="Fechar navegador" library="Resource" type="teardown">
<kw name="Close Browser" library="SeleniumLibrary">
<doc>Closes the current browser.</doc>
<status status="PASS" starttime="20200702 19:52:52.583" endtime="20200702 19:52:54.906"></status>
</kw>
<status status="PASS" starttime="20200702 19:52:52.582" endtime="20200702 19:52:54.906"></status>
</kw>
<status status="PASS" starttime="20200702 19:52:40.769" endtime="20200702 19:52:54.907" critical="yes"></status>
</test>
<test id="s1-t2" name="Cenário 02: Pesquisar produto não existente">
<kw name="Abrir navegador" library="Resource" type="setup">
<kw name="Open Browser" library="SeleniumLibrary">
<doc>Opens a new browser instance to the optional ``url``.</doc>
<arguments>
<arg>about:blank</arg>
<arg>${BROWSER}</arg>
</arguments>
<msg timestamp="20200702 19:52:54.912" level="INFO">Opening browser 'chrome' to base url 'about:blank'.</msg>
<status status="PASS" starttime="20200702 19:52:54.911" endtime="20200702 19:52:58.445"></status>
</kw>
<kw name="Maximize Browser Window" library="SeleniumLibrary">
<doc>Maximizes current browser window.</doc>
<status status="PASS" starttime="20200702 19:52:58.445" endtime="20200702 19:53:00.588"></status>
</kw>
<status status="PASS" starttime="20200702 19:52:54.911" endtime="20200702 19:53:00.588"></status>
</kw>
<kw name="Dado que estou na página home do site">
<kw name="Acessar a página home do site" library="Resource">
<kw name="Go To" library="SeleniumLibrary">
<doc>Navigates the current browser window to the provided ``url``.</doc>
<arguments>
<arg>http://automationpractice.com/index.php</arg>
</arguments>
<msg timestamp="20200702 19:53:00.593" level="INFO">Opening url 'http://automationpractice.com/index.php'</msg>
<status status="PASS" starttime="20200702 19:53:00.593" endtime="20200702 19:53:05.281"></status>
</kw>
<kw name="Title Should Be" library="SeleniumLibrary">
<doc>Verifies that the current page title equals ``title``.</doc>
<arguments>
<arg>My Store</arg>
</arguments>
<msg timestamp="20200702 19:53:05.290" level="INFO">Page title is 'My Store'.</msg>
<status status="PASS" starttime="20200702 19:53:05.281" endtime="20200702 19:53:05.290"></status>
</kw>
<status status="PASS" starttime="20200702 19:53:00.591" endtime="20200702 19:53:05.290"></status>
</kw>
<status status="PASS" starttime="20200702 19:53:00.589" endtime="20200702 19:53:05.290"></status>
</kw>
<kw name="Quando eu pesquisar pelo produto &quot;itemNaoExistente&quot;">
<kw name="Digitar o nome do produto &quot;${PRODUTO}&quot; no campo de Pesquisa" library="Resource">
<kw name="Input Text" library="SeleniumLibrary">
<doc>Types the given ``text`` into the text field identified by ``locator``.</doc>
<arguments>
<arg>name=search_query</arg>
<arg>${PRODUTO}</arg>
</arguments>
<msg timestamp="20200702 19:53:05.293" level="INFO">Typing text 'itemNaoExistente' into text field 'name=search_query'.</msg>
<status status="PASS" starttime="20200702 19:53:05.293" endtime="20200702 19:53:05.698"></status>
</kw>
<status status="PASS" starttime="20200702 19:53:05.292" endtime="20200702 19:53:05.699"></status>
</kw>
<kw name="Clicar no botão Pesquisar" library="Resource">
<kw name="Click Element" library="SeleniumLibrary">
<doc>Click the element identified by ``locator``.</doc>
<arguments>
<arg>name=submit_search</arg>
</arguments>
<msg timestamp="20200702 19:53:05.700" level="INFO">Clicking element 'name=submit_search'.</msg>
<status status="PASS" starttime="20200702 19:53:05.699" endtime="20200702 19:53:06.912"></status>
</kw>
<status status="PASS" starttime="20200702 19:53:05.699" endtime="20200702 19:53:06.912"></status>
</kw>
<status status="PASS" starttime="20200702 19:53:05.292" endtime="20200702 19:53:06.913"></status>
</kw>
<kw name="Então a página deve exibir a mensagem &quot;No results were found for your search &quot;itemNaoExistente&quot;&quot;">
<kw name="Conferir mensagem de erro &quot;No results were found for your search &quot;${PRODUTO}&quot;&quot;" library="Resource">
<kw name="Wait Until Element Is Visible" library="SeleniumLibrary">
<doc>Waits until the element ``locator`` is visible.</doc>
<arguments>
<arg>xpath=//*[@id="center_column"]/p[@class='alert alert-warning']</arg>
</arguments>
<status status="PASS" starttime="20200702 19:53:06.916" endtime="20200702 19:53:06.989"></status>
</kw>
<kw name="Title Should Be" library="SeleniumLibrary">
<doc>Verifies that the current page title equals ``title``.</doc>
<arguments>
<arg>Search - My Store</arg>
</arguments>
<msg timestamp="20200702 19:53:06.999" level="INFO">Page title is 'Search - My Store'.</msg>
<status status="PASS" starttime="20200702 19:53:06.989" endtime="20200702 19:53:07.000"></status>
</kw>
<kw name="Page Should Contain Element" library="SeleniumLibrary">
<doc>Verifies that element ``locator`` is found on the current page.</doc>
<arguments>
<arg>//*[@id="center_column"]//span[@class='heading-counter'][contains(text(), '0 results have been found.')]</arg>
</arguments>
<msg timestamp="20200702 19:53:07.014" level="INFO">Current page contains element '//*[@id="center_column"]//span[@class='heading-counter'][contains(text(), '0 results have been found.')]'.</msg>
<status status="PASS" starttime="20200702 19:53:07.000" endtime="20200702 19:53:07.015"></status>
</kw>
<status status="PASS" starttime="20200702 19:53:06.915" endtime="20200702 19:53:07.015"></status>
</kw>
<status status="PASS" starttime="20200702 19:53:06.914" endtime="20200702 19:53:07.015"></status>
</kw>
<kw name="Fechar navegador" library="Resource" type="teardown">
<kw name="Close Browser" library="SeleniumLibrary">
<doc>Closes the current browser.</doc>
<status status="PASS" starttime="20200702 19:53:07.017" endtime="20200702 19:53:09.375"></status>
</kw>
<status status="PASS" starttime="20200702 19:53:07.016" endtime="20200702 19:53:09.376"></status>
</kw>
<status status="PASS" starttime="20200702 19:52:54.910" endtime="20200702 19:53:09.376" critical="yes"></status>
</test>
<test id="s1-t3" name="Cenário 03: Listar produtos">
<kw name="Abrir navegador" library="Resource" type="setup">
<kw name="Open Browser" library="SeleniumLibrary">
<doc>Opens a new browser instance to the optional ``url``.</doc>
<arguments>
<arg>about:blank</arg>
<arg>${BROWSER}</arg>
</arguments>
<msg timestamp="20200702 19:53:09.381" level="INFO">Opening browser 'chrome' to base url 'about:blank'.</msg>
<status status="PASS" starttime="20200702 19:53:09.381" endtime="20200702 19:53:12.940"></status>
</kw>
<kw name="Maximize Browser Window" library="SeleniumLibrary">
<doc>Maximizes current browser window.</doc>
<status status="PASS" starttime="20200702 19:53:12.940" endtime="20200702 19:53:15.069"></status>
</kw>
<status status="PASS" starttime="20200702 19:53:09.380" endtime="20200702 19:53:15.069"></status>
</kw>
<kw name="Dado que estou na página home do site">
<kw name="Acessar a página home do site" library="Resource">
<kw name="Go To" library="SeleniumLibrary">
<doc>Navigates the current browser window to the provided ``url``.</doc>
<arguments>
<arg>http://automationpractice.com/index.php</arg>
</arguments>
<msg timestamp="20200702 19:53:15.074" level="INFO">Opening url 'http://automationpractice.com/index.php'</msg>
<status status="PASS" starttime="20200702 19:53:15.074" endtime="20200702 19:53:19.082"></status>
</kw>
<kw name="Title Should Be" library="SeleniumLibrary">
<doc>Verifies that the current page title equals ``title``.</doc>
<arguments>
<arg>My Store</arg>
</arguments>
<msg timestamp="20200702 19:53:19.090" level="INFO">Page title is 'My Store'.</msg>
<status status="PASS" starttime="20200702 19:53:19.082" endtime="20200702 19:53:19.091"></status>
</kw>
<status status="PASS" starttime="20200702 19:53:15.073" endtime="20200702 19:53:19.091"></status>
</kw>
<status status="PASS" starttime="20200702 19:53:15.071" endtime="20200702 19:53:19.091"></status>
</kw>
<kw name="Quando eu passar pela categoria &quot;Women&quot; no menu principal">
<kw name="Mouse Over" library="SeleniumLibrary">
<doc>Simulates hovering the mouse over the element ``locator``.</doc>
<arguments>
<arg>xpath=//*[@id="block_top_menu"]//a[@class='sf-with-ul'][@title='Women']</arg>
</arguments>
<msg timestamp="20200702 19:53:19.093" level="INFO">Simulating Mouse Over on element 'xpath=//*[@id="block_top_menu"]//a[@class='sf-with-ul'][@title='Women']'.</msg>
<status status="PASS" starttime="20200702 19:53:19.093" endtime="20200702 19:53:19.434"></status>
</kw>
<status status="PASS" starttime="20200702 19:53:19.092" endtime="20200702 19:53:19.435"></status>
</kw>
<kw name="Então deve-se clicar e acessar a sub categoria &quot;Summer Dresses&quot;">
<kw name="Click Element" library="SeleniumLibrary">
<doc>Click the element identified by ``locator``.</doc>
<arguments>
<arg>xpath=//*[@id="block_top_menu"]/ul/li[1]/ul/li[2]/ul/li[3]/a</arg>
</arguments>
<msg timestamp="20200702 19:53:19.448" level="INFO">Clicking element 'xpath=//*[@id="block_top_menu"]/ul/li[1]/ul/li[2]/ul/li[3]/a'.</msg>
<status status="PASS" starttime="20200702 19:53:19.447" endtime="20200702 19:53:21.493"></status>
</kw>
<kw name="Title Should Be" library="SeleniumLibrary">
<doc>Verifies that the current page title equals ``title``.</doc>
<arguments>
<arg>Summer Dresses - My Store</arg>
</arguments>
<msg timestamp="20200702 19:53:21.500" level="INFO">Page title is 'Summer Dresses - My Store'.</msg>
<status status="PASS" starttime="20200702 19:53:21.493" endtime="20200702 19:53:21.500"></status>
</kw>
<status status="PASS" starttime="20200702 19:53:19.446" endtime="20200702 19:53:21.500"></status>
</kw>
<kw name="Fechar navegador" library="Resource" type="teardown">
<kw name="Close Browser" library="SeleniumLibrary">
<doc>Closes the current browser.</doc>
<status status="PASS" starttime="20200702 19:53:21.503" endtime="20200702 19:53:23.830"></status>
</kw>
<status status="PASS" starttime="20200702 19:53:21.502" endtime="20200702 19:53:23.831"></status>
</kw>
<status status="PASS" starttime="20200702 19:53:09.379" endtime="20200702 19:53:23.832" critical="yes"></status>
</test>
<test id="s1-t4" name="Cenário 04: Adicionar produtos no carrinho">
<kw name="Abrir navegador" library="Resource" type="setup">
<kw name="Open Browser" library="SeleniumLibrary">
<doc>Opens a new browser instance to the optional ``url``.</doc>
<arguments>
<arg>about:blank</arg>
<arg>${BROWSER}</arg>
</arguments>
<msg timestamp="20200702 19:53:23.836" level="INFO">Opening browser 'chrome' to base url 'about:blank'.</msg>
<status status="PASS" starttime="20200702 19:53:23.836" endtime="20200702 19:53:27.328"></status>
</kw>
<kw name="Maximize Browser Window" library="SeleniumLibrary">
<doc>Maximizes current browser window.</doc>
<status status="PASS" starttime="20200702 19:53:27.328" endtime="20200702 19:53:29.451"></status>
</kw>
<status status="PASS" starttime="20200702 19:53:23.835" endtime="20200702 19:53:29.451"></status>
</kw>
<kw name="Dado que estou na página home do site">
<kw name="Acessar a página home do site" library="Resource">
<kw name="Go To" library="SeleniumLibrary">
<doc>Navigates the current browser window to the provided ``url``.</doc>
<arguments>
<arg>http://automationpractice.com/index.php</arg>
</arguments>
<msg timestamp="20200702 19:53:29.456" level="INFO">Opening url 'http://automationpractice.com/index.php'</msg>
<status status="PASS" starttime="20200702 19:53:29.455" endtime="20200702 19:53:33.501"></status>
</kw>
<kw name="Title Should Be" library="SeleniumLibrary">
<doc>Verifies that the current page title equals ``title``.</doc>
<arguments>
<arg>My Store</arg>
</arguments>
<msg timestamp="20200702 19:53:33.512" level="INFO">Page title is 'My Store'.</msg>
<status status="PASS" starttime="20200702 19:53:33.502" endtime="20200702 19:53:33.513"></status>
</kw>
<status status="PASS" starttime="20200702 19:53:29.455" endtime="20200702 19:53:33.513"></status>
</kw>
<status status="PASS" starttime="20200702 19:53:29.453" endtime="20200702 19:53:33.514"></status>
</kw>
<kw name="Quando eu pesquisar pelo produto &quot;t-shirt&quot;">
<kw name="Digitar o nome do produto &quot;${PRODUTO}&quot; no campo de Pesquisa" library="Resource">
<kw name="Input Text" library="SeleniumLibrary">
<doc>Types the given ``text`` into the text field identified by ``locator``.</doc>
<arguments>
<arg>name=search_query</arg>
<arg>${PRODUTO}</arg>
</arguments>
<msg timestamp="20200702 19:53:33.518" level="INFO">Typing text 't-shirt' into text field 'name=search_query'.</msg>
<status status="PASS" starttime="20200702 19:53:33.518" endtime="20200702 19:53:33.837"></status>
</kw>
<status status="PASS" starttime="20200702 19:53:33.517" endtime="20200702 19:53:33.838"></status>
</kw>
<kw name="Clicar no botão Pesquisar" library="Resource">
<kw name="Click Element" library="SeleniumLibrary">
<doc>Click the element identified by ``locator``.</doc>
<arguments>
<arg>name=submit_search</arg>
</arguments>
<msg timestamp="20200702 19:53:33.839" level="INFO">Clicking element 'name=submit_search'.</msg>
<status status="PASS" starttime="20200702 19:53:33.839" endtime="20200702 19:53:35.166"></status>
</kw>
<status status="PASS" starttime="20200702 19:53:33.838" endtime="20200702 19:53:35.166"></status>
</kw>
<status status="PASS" starttime="20200702 19:53:33.515" endtime="20200702 19:53:35.167"></status>
</kw>
<kw name="E adicionar o produto ao carrinho">
<kw name="Wait Until Element Is Visible" library="SeleniumLibrary">
<doc>Waits until the element ``locator`` is visible.</doc>
<arguments>
<arg>css=#center_column &gt; div:nth-child(2) &gt; div.top-pagination-content.clearfix &gt; div.product-count</arg>
</arguments>
<status status="PASS" starttime="20200702 19:53:35.174" endtime="20200702 19:53:35.233"></status>
</kw>
<kw name="Mouse Over" library="SeleniumLibrary">
<doc>Simulates hovering the mouse over the element ``locator``.</doc>
<arguments>
<arg>xpath=//*[@id="center_column"]/ul/li/div/div[2]/span/span</arg>
</arguments>
<msg timestamp="20200702 19:53:35.235" level="INFO">Simulating Mouse Over on element 'xpath=//*[@id="center_column"]/ul/li/div/div[2]/span/span'.</msg>
<status status="PASS" starttime="20200702 19:53:35.234" endtime="20200702 19:53:35.527"></status>
</kw>
<kw name="Click Element" library="SeleniumLibrary">
<doc>Click the element identified by ``locator``.</doc>
<arguments>
<arg>xpath=//*[@id="center_column"]//*[@title='Add to cart']</arg>
</arguments>
<msg timestamp="20200702 19:53:35.528" level="INFO">Clicking element 'xpath=//*[@id="center_column"]//*[@title='Add to cart']'.</msg>
<status status="PASS" starttime="20200702 19:53:35.527" endtime="20200702 19:53:35.611"></status>
</kw>
<status status="PASS" starttime="20200702 19:53:35.172" endtime="20200702 19:53:35.611"></status>
</kw>
<kw name="E clicar em &quot;Proceed to checkout&quot;">
<kw name="Wait Until Element Is Visible" library="SeleniumLibrary">
<doc>Waits until the element ``locator`` is visible.</doc>
<arguments>
<arg>xpath=//*[@id="layer_cart"]//i[@class='icon-ok']</arg>
</arguments>
<status status="PASS" starttime="20200702 19:53:35.613" endtime="20200702 19:53:36.582"></status>
</kw>
<kw name="Click Element" library="SeleniumLibrary">
<doc>Click the element identified by ``locator``.</doc>
<arguments>
<arg>xpath=//*[@id="layer_cart"]/div[1]/div[2]/div[4]/a/span</arg>
</arguments>
<msg timestamp="20200702 19:53:36.583" level="INFO">Clicking element 'xpath=//*[@id="layer_cart"]/div[1]/div[2]/div[4]/a/span'.</msg>
<status status="PASS" starttime="20200702 19:53:36.582" endtime="20200702 19:53:37.855"></status>
</kw>
<status status="PASS" starttime="20200702 19:53:35.612" endtime="20200702 19:53:37.855"></status>
</kw>
<kw name="Então deve ser exibido os dados do produto e seus valores">
<kw name="Page Should Contain Element" library="SeleniumLibrary">
<doc>Verifies that element ``locator`` is found on the current page.</doc>
<arguments>
<arg>xpath=//*[@id="product_1_1_0_0"]/td[2]/p/a</arg>
</arguments>
<msg timestamp="20200702 19:53:37.886" level="INFO">Current page contains element 'xpath=//*[@id="product_1_1_0_0"]/td[2]/p/a'.</msg>
<status status="PASS" starttime="20200702 19:53:37.857" endtime="20200702 19:53:37.886"></status>
</kw>
<kw name="Title Should Be" library="SeleniumLibrary">
<doc>Verifies that the current page title equals ``title``.</doc>
<arguments>
<arg>Order - My Store</arg>
</arguments>
<msg timestamp="20200702 19:53:37.899" level="INFO">Page title is 'Order - My Store'.</msg>
<status status="PASS" starttime="20200702 19:53:37.887" endtime="20200702 19:53:37.899"></status>
</kw>
<status status="PASS" starttime="20200702 19:53:37.856" endtime="20200702 19:53:37.900"></status>
</kw>
<kw name="Fechar navegador" library="Resource" type="teardown">
<kw name="Close Browser" library="SeleniumLibrary">
<doc>Closes the current browser.</doc>
<status status="PASS" starttime="20200702 19:53:37.907" endtime="20200702 19:53:40.318"></status>
</kw>
<status status="PASS" starttime="20200702 19:53:37.906" endtime="20200702 19:53:40.318"></status>
</kw>
<status status="PASS" starttime="20200702 19:53:23.834" endtime="20200702 19:53:40.319" critical="yes"></status>
</test>
<test id="s1-t5" name="Cenário 05: Remover produtos">
<kw name="Abrir navegador" library="Resource" type="setup">
<kw name="Open Browser" library="SeleniumLibrary">
<doc>Opens a new browser instance to the optional ``url``.</doc>
<arguments>
<arg>about:blank</arg>
<arg>${BROWSER}</arg>
</arguments>
<msg timestamp="20200702 19:53:40.324" level="INFO">Opening browser 'chrome' to base url 'about:blank'.</msg>
<status status="PASS" starttime="20200702 19:53:40.323" endtime="20200702 19:53:43.830"></status>
</kw>
<kw name="Maximize Browser Window" library="SeleniumLibrary">
<doc>Maximizes current browser window.</doc>
<status status="PASS" starttime="20200702 19:53:43.831" endtime="20200702 19:53:45.960"></status>
</kw>
<status status="PASS" starttime="20200702 19:53:40.323" endtime="20200702 19:53:45.960"></status>
</kw>
<kw name="Dado que estou na página home do site">
<kw name="Acessar a página home do site" library="Resource">
<kw name="Go To" library="SeleniumLibrary">
<doc>Navigates the current browser window to the provided ``url``.</doc>
<arguments>
<arg>http://automationpractice.com/index.php</arg>
</arguments>
<msg timestamp="20200702 19:53:45.963" level="INFO">Opening url 'http://automationpractice.com/index.php'</msg>
<status status="PASS" starttime="20200702 19:53:45.962" endtime="20200702 19:53:50.964"></status>
</kw>
<kw name="Title Should Be" library="SeleniumLibrary">
<doc>Verifies that the current page title equals ``title``.</doc>
<arguments>
<arg>My Store</arg>
</arguments>
<msg timestamp="20200702 19:53:50.973" level="INFO">Page title is 'My Store'.</msg>
<status status="PASS" starttime="20200702 19:53:50.964" endtime="20200702 19:53:50.973"></status>
</kw>
<status status="PASS" starttime="20200702 19:53:45.962" endtime="20200702 19:53:50.973"></status>
</kw>
<status status="PASS" starttime="20200702 19:53:45.961" endtime="20200702 19:53:50.974"></status>
</kw>
<kw name="E tenho algum produto adicionado ao carrinho">
<kw name="Quando eu pesquisar pelo produto &quot;t-shirt&quot;">
<kw name="Digitar o nome do produto &quot;${PRODUTO}&quot; no campo de Pesquisa" library="Resource">
<kw name="Input Text" library="SeleniumLibrary">
<doc>Types the given ``text`` into the text field identified by ``locator``.</doc>
<arguments>
<arg>name=search_query</arg>
<arg>${PRODUTO}</arg>
</arguments>
<msg timestamp="20200702 19:53:50.977" level="INFO">Typing text 't-shirt' into text field 'name=search_query'.</msg>
<status status="PASS" starttime="20200702 19:53:50.976" endtime="20200702 19:53:51.336"></status>
</kw>
<status status="PASS" starttime="20200702 19:53:50.976" endtime="20200702 19:53:51.337"></status>
</kw>
<kw name="Clicar no botão Pesquisar" library="Resource">
<kw name="Click Element" library="SeleniumLibrary">
<doc>Click the element identified by ``locator``.</doc>
<arguments>
<arg>name=submit_search</arg>
</arguments>
<msg timestamp="20200702 19:53:51.338" level="INFO">Clicking element 'name=submit_search'.</msg>
<status status="PASS" starttime="20200702 19:53:51.338" endtime="20200702 19:53:51.994"></status>
</kw>
<status status="PASS" starttime="20200702 19:53:51.337" endtime="20200702 19:53:51.995"></status>
</kw>
<status status="PASS" starttime="20200702 19:53:50.975" endtime="20200702 19:53:51.995"></status>
</kw>
<kw name="E adicionar o produto ao carrinho">
<kw name="Wait Until Element Is Visible" library="SeleniumLibrary">
<doc>Waits until the element ``locator`` is visible.</doc>
<arguments>
<arg>css=#center_column &gt; div:nth-child(2) &gt; div.top-pagination-content.clearfix &gt; div.product-count</arg>
</arguments>
<status status="PASS" starttime="20200702 19:53:51.997" endtime="20200702 19:53:52.362"></status>
</kw>
<kw name="Mouse Over" library="SeleniumLibrary">
<doc>Simulates hovering the mouse over the element ``locator``.</doc>
<arguments>
<arg>xpath=//*[@id="center_column"]/ul/li/div/div[2]/span/span</arg>
</arguments>
<msg timestamp="20200702 19:53:52.363" level="INFO">Simulating Mouse Over on element 'xpath=//*[@id="center_column"]/ul/li/div/div[2]/span/span'.</msg>
<status status="PASS" starttime="20200702 19:53:52.362" endtime="20200702 19:53:52.768"></status>
</kw>
<kw name="Click Element" library="SeleniumLibrary">
<doc>Click the element identified by ``locator``.</doc>
<arguments>
<arg>xpath=//*[@id="center_column"]//*[@title='Add to cart']</arg>
</arguments>
<msg timestamp="20200702 19:53:52.769" level="INFO">Clicking element 'xpath=//*[@id="center_column"]//*[@title='Add to cart']'.</msg>
<status status="PASS" starttime="20200702 19:53:52.768" endtime="20200702 19:53:52.879"></status>
</kw>
<status status="PASS" starttime="20200702 19:53:51.995" endtime="20200702 19:53:52.880"></status>
</kw>
<kw name="E clicar em &quot;Proceed to checkout&quot;">
<kw name="Wait Until Element Is Visible" library="SeleniumLibrary">
<doc>Waits until the element ``locator`` is visible.</doc>
<arguments>
<arg>xpath=//*[@id="layer_cart"]//i[@class='icon-ok']</arg>
</arguments>
<status status="PASS" starttime="20200702 19:53:52.881" endtime="20200702 19:53:54.038"></status>
</kw>
<kw name="Click Element" library="SeleniumLibrary">
<doc>Click the element identified by ``locator``.</doc>
<arguments>
<arg>xpath=//*[@id="layer_cart"]/div[1]/div[2]/div[4]/a/span</arg>
</arguments>
<msg timestamp="20200702 19:53:54.039" level="INFO">Clicking element 'xpath=//*[@id="layer_cart"]/div[1]/div[2]/div[4]/a/span'.</msg>
<status status="PASS" starttime="20200702 19:53:54.038" endtime="20200702 19:53:55.353"></status>
</kw>
<status status="PASS" starttime="20200702 19:53:52.880" endtime="20200702 19:53:55.353"></status>
</kw>
<kw name="Acessar a página home do site" library="Resource">
<kw name="Go To" library="SeleniumLibrary">
<doc>Navigates the current browser window to the provided ``url``.</doc>
<arguments>
<arg>http://automationpractice.com/index.php</arg>
</arguments>
<msg timestamp="20200702 19:53:55.354" level="INFO">Opening url 'http://automationpractice.com/index.php'</msg>
<status status="PASS" starttime="20200702 19:53:55.354" endtime="20200702 19:53:56.661"></status>
</kw>
<kw name="Title Should Be" library="SeleniumLibrary">
<doc>Verifies that the current page title equals ``title``.</doc>
<arguments>
<arg>My Store</arg>
</arguments>
<msg timestamp="20200702 19:53:56.699" level="INFO">Page title is 'My Store'.</msg>
<status status="PASS" starttime="20200702 19:53:56.661" endtime="20200702 19:53:56.699"></status>
</kw>
<status status="PASS" starttime="20200702 19:53:55.354" endtime="20200702 19:53:56.700"></status>
</kw>
<status status="PASS" starttime="20200702 19:53:50.975" endtime="20200702 19:53:56.700"></status>
</kw>
<kw name="Quando eu clicar no ícone carrinho de compras no menu superior direito">
<kw name="Click Element" library="SeleniumLibrary">
<doc>Click the element identified by ``locator``.</doc>
<arguments>
<arg>xpath=//*[@title='View my shopping cart']</arg>
</arguments>
<msg timestamp="20200702 19:53:56.702" level="INFO">Clicking element 'xpath=//*[@title='View my shopping cart']'.</msg>
<status status="PASS" starttime="20200702 19:53:56.702" endtime="20200702 19:53:57.413"></status>
</kw>
<status status="PASS" starttime="20200702 19:53:56.701" endtime="20200702 19:53:57.413"></status>
</kw>
<kw name="E Clicar para remover o prouto do carrinho">
<kw name="Wait Until Element Is Visible" library="SeleniumLibrary">
<doc>Waits until the element ``locator`` is visible.</doc>
<arguments>
<arg>xpath=//*[@class='label label-success'][contains(text(), 'In stock')]</arg>
</arguments>
<status status="PASS" starttime="20200702 19:53:57.427" endtime="20200702 19:53:57.708"></status>
</kw>
<kw name="Click Element" library="SeleniumLibrary">
<doc>Click the element identified by ``locator``.</doc>
<arguments>
<arg>xpath=//*[@title='Delete'][@class='cart_quantity_delete']</arg>
</arguments>
<msg timestamp="20200702 19:53:57.709" level="INFO">Clicking element 'xpath=//*[@title='Delete'][@class='cart_quantity_delete']'.</msg>
<status status="PASS" starttime="20200702 19:53:57.708" endtime="20200702 19:53:57.844"></status>
</kw>
<status status="PASS" starttime="20200702 19:53:57.426" endtime="20200702 19:53:57.844"></status>
</kw>
<kw name="Então deve ser exibida a mensagem &quot;Your shopping cart is empty&quot;">
<kw name="Page Should Contain Element" library="SeleniumLibrary">
<doc>Verifies that element ``locator`` is found on the current page.</doc>
<arguments>
<arg>xpath=//*[@id='order'][@class='order hide-left-column hide-right-column lang_en']</arg>
</arguments>
<msg timestamp="20200702 19:53:57.865" level="INFO">Current page contains element 'xpath=//*[@id='order'][@class='order hide-left-column hide-right-column lang_en']'.</msg>
<status status="PASS" starttime="20200702 19:53:57.846" endtime="20200702 19:53:57.865"></status>
</kw>
<status status="PASS" starttime="20200702 19:53:57.845" endtime="20200702 19:53:57.865"></status>
</kw>
<kw name="Fechar navegador" library="Resource" type="teardown">
<kw name="Close Browser" library="SeleniumLibrary">
<doc>Closes the current browser.</doc>
<status status="PASS" starttime="20200702 19:53:57.873" endtime="20200702 19:54:00.184"></status>
</kw>
<status status="PASS" starttime="20200702 19:53:57.867" endtime="20200702 19:54:00.185"></status>
</kw>
<status status="PASS" starttime="20200702 19:53:40.321" endtime="20200702 19:54:00.186" critical="yes"></status>
</test>
<status status="PASS" starttime="20200702 19:52:40.410" endtime="20200702 19:54:00.189"></status>
</suite>
<statistics>
<total>
<stat pass="5" fail="0">Critical Tests</stat>
<stat pass="5" fail="0">All Tests</stat>
</total>
<tag>
</tag>
<suite>
<stat pass="5" fail="0" id="s1" name="TestSuitePracticeBDD">TestSuitePracticeBDD</stat>
</suite>
</statistics>
<errors>
</errors>
</robot>
